Arguments: 
  C:\Program Files\nodejs\node.exe C:\Users\L K PATNAIK\AppData\Roaming\npm\node_modules\yarn\bin\yarn.js install

PATH: 
  C:\Program Files (x86)\Common Files\Oracle\Java\javapath;C:\WINDOWS\system32;C:\WINDOWS;C:\WINDOWS\System32\Wbem;C:\WINDOWS\System32\WindowsPowerShell\v1.0\;C:\WINDOWS\System32\OpenSSH\;C:\Android;C:\Windows\System32;C:\Program Files (x86)\Intel\Intel(R) Management Engine Components\DAL;C:\Program Files\Intel\Intel(R) Management Engine Components\DAL;C:\Program Files\Intel\WiFi\bin\;C:\Program Files\Common Files\Intel\WirelessCommon\;C:\Program Files\Microsoft SQL Server\130\Tools\Binn\;C:\Program Files\Microsoft\Web Platform Installer\;C:\Windows\Microsoft.NET\Framework\v4.0.30319;C:\Program Files\nodejs\;C:\Program Files (x86)\Java\jre1.8.0_221\bin\;C:\Users\L K PATNAIK\AppData\Local\Android\Sdk\;C:\Users\L K PATNAIK\AppData\Local\Android\Sdk\platform-tools\;C:\Users\L K PATNAIK\AppData\Local\Android\Sdk\emulator\;C:\Users\L K PATNAIK\AppData\Roaming\npm\;C:\Program Files\dotnet\;C:\Program Files\Microsoft SQL Server\Client SDK\ODBC\170\Tools\Binn\;C:\Program Files\Git\cmd;C:\Program Files (x86)\dotnet\;C:\Program Files\Docker\Docker\resources\bin;C:\ProgramData\DockerDesktop\version-bin;C:\Program Files\PuTTY\;C:\Program Files\Amazon\AWSCLIV2\;C:\Users\L K PATNAIK\AppData\Local\Yarn\bin\;C:\Program Files\MySQL\MySQL Shell 8.0\bin\;C:\Users\L K PATNAIK\AppData\Local\Programs\Python\Python37-32\Scripts\;C:\Users\L K PATNAIK\AppData\Local\Programs\Python\Python37-32\;C:\Users\L K PATNAIK\AppData\Local\Microsoft\WindowsApps;C:\Users\L K PATNAIK\AppData\Roaming\npm;C:\Users\L K PATNAIK\AppData\Local\Programs\Microsoft VS Code\bin;C:\Users\L K PATNAIK\.dotnet\tools;C:\Program Files\heroku\bin;C:\Users\L K PATNAIK\AppData\Roaming\Python\Python37\Scripts;

Yarn version: 
  1.22.10

Node version: 
  12.18.3

Platform: 
  win32 x64

Trace: 
  Error: EPERM: operation not permitted, unlink 'C:\Users\L K PATNAIK\Desktop\Gallery App\node_modules\react\node_modules\.bin'

npm manifest: 
  {
    "name": "indecision-app",
    "version": "1.0.0",
    "main": "index.js",
    "author": "Shantanu Patnaik",
    "license": "MIT",
    "scripts": {
      "serve": "live-server public/",
      "build": "webpack",
      "dev-server": "webpack serve"
    },
    "dependencies": {
      "@babel/cli": "^7.12.17",
      "@babel/core": "^7.12.17",
      "@babel/plugin-proposal-class-properties": "^7.12.13",
      "@babel/preset-env": "^7.12.17",
      "@babel/preset-react": "^7.12.13",
      "babel-loader": "^8.2.2",
      "css-loader": "^5.0.2",
      "live-server": "^1.2.1",
      "node-sass": "^5.0.0",
      "react": "^17.0.1",
      "react-dom": "^17.0.1",
      "react-modal": "^3.12.1",
      "sass-loader": "^11.0.1",
      "style-loader": "^2.0.0",
      "validator": "^13.5.2",
      "webpack": "^5.23.0",
      "webpack-dev-server": "^3.11.2"
    },
    "devDependencies": {
      "webpack-cli": "^4.5.0"
    }
  }

yarn manifest: 
  No manifest

Lockfile: 
  # THIS IS AN AUTOGENERATED FILE. DO NOT EDIT THIS FILE DIRECTLY.
  # yarn lockfile v1
  
  
  "js-tokens@^3.0.0 || ^4.0.0":
    version "4.0.0"
    resolved "https://registry.yarnpkg.com/js-tokens/-/js-tokens-4.0.0.tgz#19203fb59991df98e3a287050d4647cdeaf32499"
    integrity sha512-RdJUflcE3cUzKiMqQgsCu06FPu9UdIJO0beYbPhHN4k6apgJtifcoCtT9bcxOpYBtpD2kCM6Sbzg4CausW/PKQ==
  
  loose-envify@^1.1.0:
    version "1.4.0"
    resolved "https://registry.yarnpkg.com/loose-envify/-/loose-envify-1.4.0.tgz#71ee51fa7be4caec1a63839f7e682d8132d30caf"
    integrity sha512-lyuxPGr/Wfhrlem2CL/UcnUc1zcqKAImBDzukY7Y5F/yQiNdko6+fRLevlw1HgMySw7f611UIY408EtxRSoK3Q==
    dependencies:
      js-tokens "^3.0.0 || ^4.0.0"
  
  object-assign@^4.1.1:
    version "4.1.1"
    resolved "https://registry.yarnpkg.com/object-assign/-/object-assign-4.1.1.tgz#2109adc7965887cfc05cbbd442cac8bfbb360863"
    integrity sha1-IQmtx5ZYh8/AXLvUQsrIv7s2CGM=
  
  react-dom@^17.0.1:
    version "17.0.1"
    resolved "https://registry.yarnpkg.com/react-dom/-/react-dom-17.0.1.tgz#1de2560474ec9f0e334285662ede52dbc5426fc6"
    integrity sha512-6eV150oJZ9U2t9svnsspTMrWNyHc6chX0KzDeAOXftRa8bNeOKTTfCJ7KorIwenkHd2xqVTBTCZd79yk/lx/Ug==
    dependencies:
      loose-envify "^1.1.0"
      object-assign "^4.1.1"
      scheduler "^0.20.1"
  
  react@^17.0.1:
    version "17.0.1"
    resolved "https://registry.yarnpkg.com/react/-/react-17.0.1.tgz#6e0600416bd57574e3f86d92edba3d9008726127"
    integrity sha512-lG9c9UuMHdcAexXtigOZLX8exLWkW0Ku29qPRU8uhF2R9BN96dLCt0psvzPLlHc5OWkgymP3qwTRgbnw5BKx3w==
    dependencies:
      loose-envify "^1.1.0"
      object-assign "^4.1.1"
  
  scheduler@^0.20.1:
    version "0.20.1"
    resolved "https://registry.yarnpkg.com/scheduler/-/scheduler-0.20.1.tgz#da0b907e24026b01181ecbc75efdc7f27b5a000c"
    integrity sha512-LKTe+2xNJBNxu/QhHvDR14wUXHRQbVY5ZOYpOGWRzhydZUqrLb2JBvLPY7cAqFmqrWuDED0Mjk7013SZiOz6Bw==
    dependencies:
      loose-envify "^1.1.0"
      object-assign "^4.1.1"
